#
# There is insufficient memory for the Java Runtime Environment to continue.
# Native memory allocation (mmap) failed to map 67108864 bytes for Failed to commit area from 0x00000000fc000000 to 0x0000000100000000 of length 67108864.
# Possible reasons:
#   The system is out of physical RAM or swap space
#   The process is running with CompressedOops enabled, and the Java Heap may be blocking the growth of the native heap
# Possible solutions:
#   Reduce memory load on the system
#   Increase physical memory or swap space
#   Check if swap backing store is full
#   Decrease Java heap size (-Xmx/-Xms)
#   Decrease number of Java threads
#   Decrease Java thread stack sizes (-Xss)
#   Set larger code cache with -XX:ReservedCodeCacheSize=
# This output file may be truncated or incomplete.
#
#  Out of Memory Error (./open/src/hotspot/os/windows/os_windows.cpp:3287), pid=6612, tid=9548
#
# JRE version:  (11.0.16+11) (build )
# Java VM: Java HotSpot(TM) 64-Bit Server VM (11.0.16+11-LTS-199, mixed mode, sharing, tiered, compressed oops, g1 gc, windows-amd64)
# No core dump will be written. Minidumps are not enabled by default on client versions of Windows
#

---------------  S U M M A R Y ------------

Command Line: -Xmx64m -Xms64m -Dorg.gradle.appname=gradlew org.gradle.wrapper.GradleWrapperMain app:installDebug -PreactNativeDevServerPort=8081

Host: Intel(R) Core(TM) i3-5010U CPU @ 2.10GHz, 4 cores, 7G,  Windows 10 , 64 bit Build 19041 (10.0.19041.1889)
Time: Tue Oct  4 15:29:55 2022 India Standard Time elapsed time: 0.110050 seconds (0d 0h 0m 0s)

---------------  T H R E A D  ---------------

Current thread (0x000001bcf82f9000):  JavaThread "Unknown thread" [_thread_in_vm, id=9548, stack(0x0000002e73000000,0x0000002e73100000)]

Stack: [0x0000002e73000000,0x0000002e73100000]
Native frames: (J=compiled Java code, j=interpreted, Vv=VM code, C=native code)
V  [jvm.dll+0x62a3ea]
V  [jvm.dll+0x76418f]
V  [jvm.dll+0x765839]
V  [jvm.dll+0x765ec3]
V  [jvm.dll+0x23da98]
V  [jvm.dll+0x62770a]
V  [jvm.dll+0x61c475]
V  [jvm.dll+0x2f2aac]
V  [jvm.dll+0x2f2932]
V  [jvm.dll+0x2f7656]
V  [jvm.dll+0x33a1cf]
V  [jvm.dll+0x339c00]
V  [jvm.dll+0x2d00c8]
V  [jvm.dll+0x2d1236]
V  [jvm.dll+0x73e757]
V  [jvm.dll+0x73ffef]
V  [jvm.dll+0x346ef9]
V  [jvm.dll+0x723f90]
V  [jvm.dll+0x3b5adf]
V  [jvm.dll+0x3b7bf1]
C  [jli.dll+0x5207]
C  [ucrtbase.dll+0x21bb2]
C  [KERNEL32.DLL+0x17034]
C  [ntdll.dll+0x526a1]


---------------  P R O C E S S  ---------------

Threads class SMR info:
_java_thread_list=0x000001bcf60de430, length=0, elements={
}

Java Threads: ( => current thread )

Other Threads:
  0x000001bcf830d000 GCTaskThread "GC Thread#0" [stack: 0x0000002e73100000,0x0000002e73200000] [id=8768]
  0x000001bcf8314800 ConcurrentGCThread "G1 Main Marker" [stack: 0x0000002e73200000,0x0000002e73300000] [id=3400]
  0x000001bcf8317000 ConcurrentGCThread "G1 Conc#0" [stack: 0x0000002e73300000,0x0000002e73400000] [id=8160]

[error occurred during error reporting (printing all threads), id 0xc0000005, EXCEPTION_ACCESS_VIOLATION (0xc0000005) at pc=0x00007fffefd1f357]

VM state:not at safepoint (not fully initialized)

VM Mutex/Monitor currently owned by a thread:  ([mutex/lock_event])
[0x000001bcf82f5820] Heap_lock - owner thread: 0x000001bcf82f9000

Heap address: 0x00000000fc000000, size: 64 MB, Compressed Oops mode: Non-zero based: 0x00000000fc000000
Narrow klass base: 0x0000000000000000, Narrow klass shift: 0

GC Heap History (0 events):
No events

Deoptimization events (0 events):
No events

Classes redefined (0 events):
No events

Internal exceptions (0 events):
No events

Events (0 events):
No events


Dynamic libraries:
0x00007ff715f90000 - 0x00007ff715f9f000 	C:\Program Files\Java\jdk-11.0.16\bin\java.exe
0x00007ff83f9d0000 - 0x00007ff83fbc8000 	C:\Windows\SYSTEM32\ntdll.dll
0x00007ff83ed60000 - 0x00007ff83ee1d000 	C:\Windows\System32\KERNEL32.DLL
0x00007ff83d760000 - 0x00007ff83da2e000 	C:\Windows\System32\KERNELBASE.dll
0x00007ff83d1a0000 - 0x00007ff83d2a0000 	C:\Windows\System32\ucrtbase.dll
0x00007ff836bc0000 - 0x00007ff836bd8000 	C:\Program Files\Java\jdk-11.0.16\bin\jli.dll
0x00007ff83e1b0000 - 0x00007ff83e25e000 	C:\Windows\System32\ADVAPI32.dll
0x00007ff83e4d0000 - 0x00007ff83e56e000 	C:\Windows\System32\msvcrt.dll
0x00007ff83ef40000 - 0x00007ff83efdc000 	C:\Windows\System32\sechost.dll
0x00007ff83df30000 - 0x00007ff83e055000 	C:\Windows\System32\RPCRT4.dll
0x00007ff83dc00000 - 0x00007ff83dda0000 	C:\Windows\System32\USER32.dll
0x00007ff83d5d0000 - 0x00007ff83d5f2000 	C:\Windows\System32\win32u.dll
0x00007ff83eeb0000 - 0x00007ff83eeda000 	C:\Windows\System32\GDI32.dll
0x00007ff83d650000 - 0x00007ff83d75b000 	C:\Windows\System32\gdi32full.dll
0x00007ff83d530000 - 0x00007ff83d5cd000 	C:\Windows\System32\msvcp_win.dll
0x00007ff836ba0000 - 0x00007ff836bb5000 	C:\Program Files\Java\jdk-11.0.16\bin\VCRUNTIME140.dll
0x00007ff82f050000 - 0x00007ff82f2ea000 	C:\Windows\WinSxS\amd64_microsoft.windows.common-controls_6595b64144ccf1df_6.0.19041.1110_none_60b5254171f9507e\COMCTL32.dll
0x00007ff832140000 - 0x00007ff83214a000 	C:\Windows\SYSTEM32\VERSION.dll
0x00007ff83da30000 - 0x00007ff83da60000 	C:\Windows\System32\IMM32.DLL
0x00007ff820b50000 - 0x00007ff820beb000 	C:\Program Files\Java\jdk-11.0.16\bin\msvcp140.dll
0x00007fffefa40000 - 0x00007ffff0558000 	C:\Program Files\Java\jdk-11.0.16\bin\server\jvm.dll
0x00007ff83dbf0000 - 0x00007ff83dbf8000 	C:\Windows\System32\PSAPI.DLL
0x00007ff82d240000 - 0x00007ff82d267000 	C:\Windows\SYSTEM32\WINMM.dll
0x00007ff83b850000 - 0x00007ff83b859000 	C:\Windows\SYSTEM32\WSOCK32.dll
0x00007ff83e060000 - 0x00007ff83e0cb000 	C:\Windows\System32\WS2_32.dll
0x00007ff83b970000 - 0x00007ff83b982000 	C:\Windows\SYSTEM32\kernel.appcore.dll
0x00007ff838670000 - 0x00007ff838680000 	C:\Program Files\Java\jdk-11.0.16\bin\verify.dll
0x00007ff83aea0000 - 0x00007ff83b084000 	C:\Windows\SYSTEM32\DBGHELP.DLL
0x00007ff829080000 - 0x00007ff8290ac000 	C:\Windows\SYSTEM32\dbgcore.DLL
0x00007ff83d430000 - 0x00007ff83d4b2000 	C:\Windows\System32\bcryptPrimitives.dll
0x00007ff834ba0000 - 0x00007ff834bc8000 	C:\Program Files\Java\jdk-11.0.16\bin\java.dll
0x00007ff837b10000 - 0x00007ff837b1a000 	C:\Program Files\Java\jdk-11.0.16\bin\jimage.dll
0x00007ff834b80000 - 0x00007ff834b96000 	C:\Program Files\Java\jdk-11.0.16\bin\zip.dll

dbghelp: loaded successfully - version: 4.0.5 - missing functions: none
symbol engine: initialized successfully - sym options: 0x614 - pdb path: .;C:\Program Files\Java\jdk-11.0.16\bin;C:\Windows\SYSTEM32;C:\Windows\WinSxS\amd64_microsoft.windows.common-controls_6595b64144ccf1df_6.0.19041.1110_none_60b5254171f9507e;C:\Program Files\Java\jdk-11.0.16\bin\server

VM Arguments:
jvm_args: -Xmx64m -Xms64m -Dorg.gradle.appname=gradlew 
java_command: org.gradle.wrapper.GradleWrapperMain app:installDebug -PreactNativeDevServerPort=8081
java_class_path (initial): D:\kegalklcok\KegelKlockApp\android\\gradle\wrapper\gradle-wrapper.jar
Launcher Type: SUN_STANDARD

[Global flags]
     intx CICompilerCount                          = 3                                         {product} {ergonomic}
     uint ConcGCThreads                            = 1                                         {product} {ergonomic}
     uint G1ConcRefinementThreads                  = 4                                         {product} {ergonomic}
   size_t G1HeapRegionSize                         = 1048576                                   {product} {ergonomic}
    uintx GCDrainStackTargetSize                   = 64                                        {product} {ergonomic}
   size_t InitialHeapSize                          = 67108864                                  {product} {command line}
   size_t MarkStackSize                            = 4194304                                   {product} {ergonomic}
   size_t MaxHeapSize                              = 67108864                                  {product} {command line}
   size_t MinHeapDeltaBytes                        = 1048576                                   {product} {ergonomic}
    uintx NonNMethodCodeHeapSize                   = 5830732                                {pd product} {ergonomic}
    uintx NonProfiledCodeHeapSize                  = 122913754                              {pd product} {ergonomic}
    uintx ProfiledCodeHeapSize                     = 122913754                              {pd product} {ergonomic}
    uintx ReservedCodeCacheSize                    = 251658240                              {pd product} {ergonomic}
     bool SegmentedCodeCache                       = true                                      {product} {ergonomic}
     bool UseCompressedClassPointers               = true                                 {lp64_product} {ergonomic}
     bool UseCompressedOops                        = true                                 {lp64_product} {ergonomic}
     bool UseG1GC                                  = true                                      {product} {ergonomic}
     bool UseLargePagesIndividualAllocation        = false                                  {pd product} {ergonomic}

Logging:
Log output configuration:
 #0: stdout all=warning uptime,level,tags
 #1: stderr all=off uptime,level,tags

Environment Variables:
JAVA_HOME=C:\Program Files\Java\jdk-11.0.16
CLASSPATH=D:\kegalklcok\KegelKlockApp\android\\gradle\wrapper\gradle-wrapper.jar
PATH=D:\kegalklcok\KegelKlockApp\android\node_modules\.bin;D:\kegalklcok\KegelKlockApp\node_modules\.bin;D:\kegalklcok\node_modules\.bin;D:\node_modules\.bin;C:\Program Files\nodejs;D:\kegalklcok\KegelKlockApp\node_modules\.bin;D:\kegalklcok\node_modules\.bin;D:\node_modules\.bin;C:\Users\hp\AppData\Roaming\npm\node_modules\npm\node_modules\@npmcli\run-script\lib\node-gyp-bin;C:\Program Files\Common Files\Oracle\Java\javapath;C:\Program Files (x86)\Common Files\Oracle\Java\javapath;C:\Windows\system32;C:\Windows;C:\Windows\System32\Wbem;C:\Windows\System32\WindowsPowerShell\v1.0\;C:\Windows\System32\OpenSSH\;C:\ProgramData\chocolatey\bin;C:\Program Files\OpenJDK\openjdk-8u312-b07\bin;C:\Program Files\nodejs\;C:\Program Files\Git\cmd;C:\Users\hp\AppData\Local\Microsoft\WindowsApps;C:\Users\hp\AppData\Local\Programs\Microsoft VS Code\bin;C:\Users\hp\AppData\Roaming\npm;C:\Users\hp\AppData\Local\GitHubDesktop\bin;C:\Users\hp\AppData\Local\Android\Sdk\platform-tools;;D:\kegalklcok\KegelKlockApp\node_modules\.bin
USERNAME=hp
OS=Windows_NT
PROCESSOR_IDENTIFIER=Intel64 Family 6 Model 61 Stepping 4, GenuineIntel



---------------  S Y S T E M  ---------------

OS: Windows 10 , 64 bit Build 19041 (10.0.19041.1889)

CPU:total 4 (initial active 4) (2 cores per cpu, 2 threads per core) family 6 model 61 stepping 4 microcode 0x2d, cmov, cx8, fxsr, mmx, sse, sse2, sse3, ssse3, sse4.1, sse4.2, popcnt, avx, avx2, aes, clmul, erms, 3dnowpref, lzcnt, ht, tsc, tscinvbit, bmi1, bmi2, adx, fma

Memory: 4k page, system-wide physical 8107M (106M free)
TotalPageFile size 22338M (AvailPageFile size 25M)
current process WorkingSet (physical memory assigned to process): 9M, peak: 9M
current process commit charge ("private bytes"): 51M, peak: 115M

vm_info: Java HotSpot(TM) 64-Bit Server VM (11.0.16+11-LTS-199) for windows-amd64 JRE (11.0.16+11-LTS-199), built on Jun 28 2022 08:23:17 by "mach5one" with MS VC++ 15.9 (VS2017)

END.
