#
# There is insufficient memory for the Java Runtime Environment to continue.
# Native memory allocation (mmap) failed to map 234881024 bytes for Failed to commit area from 0x000000008b500000 to 0x0000000099500000 of length 234881024.
# Possible reasons:
#   The system is out of physical RAM or swap space
#   The process is running with CompressedOops enabled, and the Java Heap may be blocking the growth of the native heap
# Possible solutions:
#   Reduce memory load on the system
#   Increase physical memory or swap space
#   Check if swap backing store is full
#   Decrease Java heap size (-Xmx/-Xms)
#   Decrease number of Java threads
#   Decrease Java thread stack sizes (-Xss)
#   Set larger code cache with -XX:ReservedCodeCacheSize=
#   JVM is running with Unscaled Compressed Oops mode in which the Java heap is
#     placed in the first 4GB address space. The Java Heap base address is the
#     maximum limit for the native heap growth. Please use -XX:HeapBaseMinAddress
#     to set the Java Heap base and to place the Java Heap above 4GB virtual address.
# This output file may be truncated or incomplete.
#
#  Out of Memory Error (./open/src/hotspot/os/windows/os_windows.cpp:3287), pid=10364, tid=8256
#
# JRE version: Java(TM) SE Runtime Environment 18.9 (11.0.16+11) (build 11.0.16+11-LTS-199)
# Java VM: Java HotSpot(TM) 64-Bit Server VM 18.9 (11.0.16+11-LTS-199, mixed mode, tiered, compressed oops, g1 gc, windows-amd64)
# No core dump will be written. Minidumps are not enabled by default on client versions of Windows
#

---------------  S U M M A R Y ------------

Command Line: -XX:MaxMetaspaceSize=512m --add-opens=java.base/java.util=ALL-UNNAMED --add-opens=java.base/java.lang=ALL-UNNAMED --add-opens=java.base/java.lang.invoke=ALL-UNNAMED --add-opens=java.base/java.util=ALL-UNNAMED --add-opens=java.prefs/java.util.prefs=ALL-UNNAMED --add-opens=java.prefs/java.util.prefs=ALL-UNNAMED --add-opens=java.base/java.nio.charset=ALL-UNNAMED --add-opens=java.base/java.net=ALL-UNNAMED --add-opens=java.base/java.util.concurrent.atomic=ALL-UNNAMED -Xmx2048m -Dfile.encoding=windows-1252 -Duser.country=IN -Duser.language=en -Duser.variant org.gradle.launcher.daemon.bootstrap.GradleDaemon 7.3.3

Host: Intel(R) Core(TM) i3-5010U CPU @ 2.10GHz, 4 cores, 7G,  Windows 10 , 64 bit Build 19041 (10.0.19041.1889)
Time: Tue Oct  4 15:21:58 2022 India Standard Time elapsed time: 229.029489 seconds (0d 0h 3m 49s)

---------------  T H R E A D  ---------------

Current thread (0x0000026718977800):  VMThread "VM Thread" [stack: 0x000000c71f400000,0x000000c71f500000] [id=8256]

Stack: [0x000000c71f400000,0x000000c71f500000]
[error occurred during error reporting (printing stack bounds), id 0xc0000005, EXCEPTION_ACCESS_VIOLATION (0xc0000005) at pc=0x00000267075d0f2d]

Native frames: (J=compiled Java code, j=interpreted, Vv=VM code, C=native code)
V  [jvm.dll+0x62a3ea]
V  [jvm.dll+0x76418f]
V  [jvm.dll+0x765839]
V  [jvm.dll+0x765e25]
V  [jvm.dll+0x765ddb]
V  [jvm.dll+0x6298d3]
V  [jvm.dll+0x629fe8]
C  [ntdll.dll+0xa235f]
C  [ntdll.dll+0x514a4]
C  [ntdll.dll+0xa0e8e]
C  0x00000267075d0f2d

VM_Operation (0x000000c7207f28d0): G1CollectForAllocation, mode: safepoint, requested by thread 0x000002671a09b000


---------------  P R O C E S S  ---------------

Threads class SMR info:
_java_thread_list=0x0000026722e82f80, length=93, elements={
0x000002677b1fd800, 0x000002671897b800, 0x0000026718988800, 0x000002671899a000,
0x00000267192f1800, 0x00000267192f2800, 0x00000267192f5800, 0x00000267192fa000,
0x00000267192fd800, 0x0000026719456800, 0x00000267195f1800, 0x000002671a509800,
0x000002671acad000, 0x000002671a0d5800, 0x000002671a0d6000, 0x000002671a09a800,
0x000002671a09b000, 0x0000026719686000, 0x0000026719687000, 0x000002671a52b000,
0x000002671a52b800, 0x000002671a528800, 0x000002671a52f000, 0x000002671a52d800,
0x000002671a52c800, 0x000002671a52e000, 0x000002671a52a000, 0x000002671a529000,
0x000002671bfb1000, 0x000002671bfae800, 0x000002671bfaf800, 0x000002671bfb2000,
0x000002671bfad000, 0x000002671bfb3000, 0x000002671bfb3800, 0x000002671bfae000,
0x000002671bfb9800, 0x000002671bfb8800, 0x000002671bfb7000, 0x000002671bfb7800,
0x000002671bfba000, 0x000002671bfb5800, 0x000002671bfb6000, 0x000002671bfb4800,
0x000002671bfbb000, 0x000002671b364800, 0x000002671b366000, 0x000002671b365800,
0x000002671b363000, 0x000002671b367000, 0x000002671b362000, 0x000002671b364000,
0x000002671b361800, 0x000002671b368800, 0x000002671b36d800, 0x000002671b36a800,
0x000002671b368000, 0x000002671b36c000, 0x000002671b36e800, 0x000002671b36b000,
0x000002671b36f000, 0x000002671b36d000, 0x000002671b369800, 0x000002671b370000,
0x000002671ddb6000, 0x000002671ddb7000, 0x000002671ddbb000, 0x000002671ddb5000,
0x000002671ddbc800, 0x000002671ddbb800, 0x000002671ddb9000, 0x000002671ddba000,
0x000002671ddb7800, 0x000002671ddbd800, 0x000002671ddbe000, 0x000002671ddbf000,
0x000002671ddc1800, 0x000002671ddc3000, 0x000002671ddc0000, 0x000002671ddc4000,
0x000002671fbcd800, 0x000002671fbce800, 0x000002671fbcf800, 0x000002671fbd0000,
0x000002671fbcd000, 0x000002671fbd1000, 0x000002671fbcb000, 0x000002671fbd4000,
0x000002671fbd5000, 0x000002671fbd2000, 0x000002671fbcc000, 0x000002671fbd6000,
0x000002671fbd6800
}

Java Threads: ( => current thread )
  0x000002677b1fd800 JavaThread "main" [_thread_blocked, id=12728, stack(0x000000c71ee00000,0x000000c71ef00000)]
  0x000002671897b800 JavaThread "Reference Handler" daemon [_thread_blocked, id=12896, stack(0x000000c71f500000,0x000000c71f600000)]
  0x0000026718988800 JavaThread "Finalizer" daemon [_thread_blocked, id=2156, stack(0x000000c71f600000,0x000000c71f700000)]
  0x000002671899a000 JavaThread "Signal Dispatcher" daemon [_thread_blocked, id=5696, stack(0x000000c71f700000,0x000000c71f800000)]
  0x00000267192f1800 JavaThread "Attach Listener" daemon [_thread_blocked, id=9460, stack(0x000000c71f800000,0x000000c71f900000)]
  0x00000267192f2800 JavaThread "Service Thread" daemon [_thread_blocked, id=4904, stack(0x000000c71f900000,0x000000c71fa00000)]
  0x00000267192f5800 JavaThread "C2 CompilerThread0" daemon [_thread_blocked, id=620, stack(0x000000c71fa00000,0x000000c71fb00000)]
  0x00000267192fa000 JavaThread "C1 CompilerThread0" daemon [_thread_blocked, id=4288, stack(0x000000c71fb00000,0x000000c71fc00000)]
  0x00000267192fd800 JavaThread "Sweeper thread" daemon [_thread_blocked, id=108, stack(0x000000c71fc00000,0x000000c71fd00000)]
  0x0000026719456800 JavaThread "Common-Cleaner" daemon [_thread_blocked, id=3448, stack(0x000000c71fd00000,0x000000c71fe00000)]
  0x00000267195f1800 JavaThread "Daemon health stats" [_thread_blocked, id=6864, stack(0x000000c720100000,0x000000c720200000)]
  0x000002671a509800 JavaThread "Incoming local TCP Connector on port 62723" [_thread_in_native, id=12904, stack(0x000000c720200000,0x000000c720300000)]
  0x000002671acad000 JavaThread "Daemon periodic checks" [_thread_blocked, id=9528, stack(0x000000c720300000,0x000000c720400000)]
  0x000002671a0d5800 JavaThread "Daemon" [_thread_blocked, id=8716, stack(0x000000c720400000,0x000000c720500000)]
  0x000002671a0d6000 JavaThread "Handler for socket connection from /127.0.0.1:62723 to /127.0.0.1:62724" [_thread_in_native, id=6844, stack(0x000000c720500000,0x000000c720600000)]
  0x000002671a09a800 JavaThread "Cancel handler" [_thread_blocked, id=11608, stack(0x000000c720600000,0x000000c720700000)]
  0x000002671a09b000 JavaThread "Daemon worker" [_thread_blocked, id=6380, stack(0x000000c720700000,0x000000c720800000)]
  0x0000026719686000 JavaThread "Asynchronous log dispatcher for DefaultDaemonConnection: socket connection from /127.0.0.1:62723 to /127.0.0.1:62724" [_thread_blocked, id=2392, stack(0x000000c720800000,0x000000c720900000)]
  0x0000026719687000 JavaThread "Stdin handler" [_thread_blocked, id=12028, stack(0x000000c720900000,0x000000c720a00000)]
  0x000002671a52b000 JavaThread "Daemon client event forwarder" [_thread_blocked, id=3012, stack(0x000000c720a00000,0x000000c720b00000)]
  0x000002671a52b800 JavaThread "Cache worker for journal cache (C:\Users\hp\.gradle\caches\journal-1)" [_thread_blocked, id=10912, stack(0x000000c720c00000,0x000000c720d00000)]
  0x000002671a528800 JavaThread "File lock request listener" [_thread_in_native, id=10368, stack(0x000000c720d00000,0x000000c720e00000)]
  0x000002671a52f000 JavaThread "Cache worker for file hash cache (C:\Users\hp\.gradle\caches\7.3.3\fileHashes)" [_thread_blocked, id=7952, stack(0x000000c720e00000,0x000000c720f00000)]
  0x000002671a52d800 JavaThread "Cache worker for file hash cache (D:\kegalklcok\KegelKlockApp\android\.gradle\7.3.3\fileHashes)" [_thread_blocked, id=7196, stack(0x000000c720f00000,0x000000c721000000)]
  0x000002671a52c800 JavaThread "File watcher server" daemon [_thread_in_native, id=9708, stack(0x000000c721000000,0x000000c721100000)]
  0x000002671a52e000 JavaThread "File watcher consumer" daemon [_thread_blocked, id=8720, stack(0x000000c721100000,0x000000c721200000)]
  0x000002671a52a000 JavaThread "Cache worker for checksums cache (D:\kegalklcok\KegelKlockApp\android\.gradle\7.3.3\checksums)" [_thread_blocked, id=11916, stack(0x000000c721200000,0x000000c721300000)]
  0x000002671a529000 JavaThread "Cache worker for cache directory md-supplier (C:\Users\hp\.gradle\caches\7.3.3\md-supplier)" [_thread_blocked, id=11424, stack(0x000000c721300000,0x000000c721400000)]
  0x000002671bfb1000 JavaThread "Cache worker for cache directory md-rule (C:\Users\hp\.gradle\caches\7.3.3\md-rule)" [_thread_blocked, id=10592, stack(0x000000c721400000,0x000000c721500000)]
  0x000002671bfae800 JavaThread "Cache worker for execution history cache (C:\Users\hp\.gradle\caches\7.3.3\executionHistory)" [_thread_blocked, id=8076, stack(0x000000c721500000,0x000000c721600000)]
  0x000002671bfaf800 JavaThread "jar transforms" [_thread_blocked, id=8152, stack(0x000000c721600000,0x000000c721700000)]
  0x000002671bfb2000 JavaThread "jar transforms Thread 2" [_thread_blocked, id=1996, stack(0x000000c721700000,0x000000c721800000)]
  0x000002671bfad000 JavaThread "Cache worker for file content cache (C:\Users\hp\.gradle\caches\7.3.3\fileContent)" [_thread_blocked, id=10508, stack(0x000000c721800000,0x000000c721900000)]
  0x000002671bfb3000 JavaThread "jar transforms Thread 3" [_thread_blocked, id=10568, stack(0x000000c721900000,0x000000c721a00000)]
  0x000002671bfb3800 JavaThread "jar transforms Thread 4" [_thread_blocked, id=11772, stack(0x000000c721a00000,0x000000c721b00000)]
  0x000002671bfae000 JavaThread "Cache worker for kotlin-dsl (C:\Users\hp\.gradle\caches\7.3.3\kotlin-dsl)" [_thread_blocked, id=10524, stack(0x000000c71eb00000,0x000000c71ec00000)]
  0x000002671bfb9800 JavaThread "Cache worker for dependencies-accessors (D:\kegalklcok\KegelKlockApp\android\.gradle\7.3.3\dependencies-accessors)" [_thread_blocked, id=11332, stack(0x000000c71ed00000,0x000000c71ee00000)]
  0x000002671bfb8800 JavaThread "Cache worker for Build Output Cleanup Cache (D:\kegalklcok\KegelKlockApp\node_modules\react-native-gradle-plugin\.gradle\buildOutputCleanup)" [_thread_blocked, id=10168, stack(0x000000c721c00000,0x000000c721d00000)]
  0x000002671bfb7000 JavaThread "Unconstrained build operations" [_thread_blocked, id=11252, stack(0x000000c721d00000,0x000000c721e00000)]
  0x000002671bfb7800 JavaThread "Unconstrained build operations Thread 2" [_thread_blocked, id=488, stack(0x000000c721e00000,0x000000c721f00000)]
  0x000002671bfba000 JavaThread "Unconstrained build operations Thread 3" [_thread_blocked, id=10384, stack(0x000000c721f00000,0x000000c722000000)]
  0x000002671bfb5800 JavaThread "Unconstrained build operations Thread 4" [_thread_blocked, id=9728, stack(0x000000c722000000,0x000000c722100000)]
  0x000002671bfb6000 JavaThread "Unconstrained build operations Thread 5" [_thread_blocked, id=13056, stack(0x000000c722100000,0x000000c722200000)]
  0x000002671bfb4800 JavaThread "Unconstrained build operations Thread 6" [_thread_blocked, id=10708, stack(0x000000c722200000,0x000000c722300000)]
  0x000002671bfbb000 JavaThread "Unconstrained build operations Thread 7" [_thread_blocked, id=10920, stack(0x000000c722300000,0x000000c722400000)]
  0x000002671b364800 JavaThread "Unconstrained build operations Thread 8" [_thread_blocked, id=4560, stack(0x000000c722400000,0x000000c722500000)]
  0x000002671b366000 JavaThread "Unconstrained build operations Thread 9" [_thread_blocked, id=4812, stack(0x000000c722500000,0x000000c722600000)]
  0x000002671b365800 JavaThread "Unconstrained build operations Thread 10" [_thread_blocked, id=2792, stack(0x000000c722600000,0x000000c722700000)]
  0x000002671b363000 JavaThread "Unconstrained build operations Thread 11" [_thread_blocked, id=6536, stack(0x000000c722700000,0x000000c722800000)]
  0x000002671b367000 JavaThread "Unconstrained build operations Thread 12" [_thread_blocked, id=12300, stack(0x000000c722800000,0x000000c722900000)]
  0x000002671b362000 JavaThread "Unconstrained build operations Thread 13" [_thread_blocked, id=8644, stack(0x000000c722900000,0x000000c722a00000)]
  0x000002671b364000 JavaThread "Unconstrained build operations Thread 14" [_thread_blocked, id=7356, stack(0x000000c722a00000,0x000000c722b00000)]
  0x000002671b361800 JavaThread "Unconstrained build operations Thread 15" [_thread_blocked, id=12840, stack(0x000000c722b00000,0x000000c722c00000)]
  0x000002671b368800 JavaThread "Unconstrained build operations Thread 16" [_thread_blocked, id=9864, stack(0x000000c722c00000,0x000000c722d00000)]
  0x000002671b36d800 JavaThread "Unconstrained build operations Thread 17" [_thread_blocked, id=12944, stack(0x000000c722d00000,0x000000c722e00000)]
  0x000002671b36a800 JavaThread "Unconstrained build operations Thread 18" [_thread_blocked, id=5448, stack(0x000000c722e00000,0x000000c722f00000)]
  0x000002671b368000 JavaThread "Unconstrained build operations Thread 19" [_thread_blocked, id=9888, stack(0x000000c722f00000,0x000000c723000000)]
  0x000002671b36c000 JavaThread "Unconstrained build operations Thread 20" [_thread_blocked, id=6936, stack(0x000000c723000000,0x000000c723100000)]
  0x000002671b36e800 JavaThread "Unconstrained build operations Thread 21" [_thread_blocked, id=12744, stack(0x000000c723100000,0x000000c723200000)]
  0x000002671b36b000 JavaThread "Unconstrained build operations Thread 22" [_thread_blocked, id=4012, stack(0x000000c723200000,0x000000c723300000)]
  0x000002671b36f000 JavaThread "Unconstrained build operations Thread 23" [_thread_blocked, id=11436, stack(0x000000c723300000,0x000000c723400000)]
  0x000002671b36d000 JavaThread "Unconstrained build operations Thread 24" [_thread_blocked, id=9148, stack(0x000000c723400000,0x000000c723500000)]
  0x000002671b369800 JavaThread "Unconstrained build operations Thread 25" [_thread_blocked, id=12368, stack(0x000000c723500000,0x000000c723600000)]
  0x000002671b370000 JavaThread "Unconstrained build operations Thread 26" [_thread_blocked, id=8996, stack(0x000000c723600000,0x000000c723700000)]
  0x000002671ddb6000 JavaThread "Unconstrained build operations Thread 27" [_thread_blocked, id=11208, stack(0x000000c723700000,0x000000c723800000)]
  0x000002671ddb7000 JavaThread "Unconstrained build operations Thread 28" [_thread_blocked, id=11900, stack(0x000000c723800000,0x000000c723900000)]
  0x000002671ddbb000 JavaThread "Unconstrained build operations Thread 29" [_thread_blocked, id=10360, stack(0x000000c723900000,0x000000c723a00000)]
  0x000002671ddb5000 JavaThread "Unconstrained build operations Thread 30" [_thread_blocked, id=8360, stack(0x000000c723a00000,0x000000c723b00000)]
  0x000002671ddbc800 JavaThread "Unconstrained build operations Thread 31" [_thread_blocked, id=11416, stack(0x000000c723b00000,0x000000c723c00000)]
  0x000002671ddbb800 JavaThread "Unconstrained build operations Thread 32" [_thread_blocked, id=6024, stack(0x000000c723c00000,0x000000c723d00000)]
  0x000002671ddb9000 JavaThread "Unconstrained build operations Thread 33" [_thread_blocked, id=1372, stack(0x000000c723d00000,0x000000c723e00000)]
  0x000002671ddba000 JavaThread "build event listener" [_thread_blocked, id=7552, stack(0x000000c723e00000,0x000000c723f00000)]
  0x000002671ddb7800 JavaThread "Memory manager" [_thread_blocked, id=12116, stack(0x000000c723f00000,0x000000c724000000)]
  0x000002671ddbd800 JavaThread "Cache worker for Build Output Cleanup Cache (D:\kegalklcok\KegelKlockApp\android\.gradle\buildOutputCleanup)" [_thread_blocked, id=6952, stack(0x000000c724000000,0x000000c724100000)]
  0x000002671ddbe000 JavaThread "included builds" [_thread_blocked, id=1676, stack(0x000000c724100000,0x000000c724200000)]
  0x000002671ddbf000 JavaThread "Cache worker for execution history cache (D:\kegalklcok\KegelKlockApp\node_modules\react-native-gradle-plugin\.gradle\7.3.3\executionHistory)" [_thread_blocked, id=10184, stack(0x000000c724500000,0x000000c724600000)]
  0x000002671ddc1800 JavaThread "Unconstrained build operations Thread 34" [_thread_blocked, id=3924, stack(0x000000c724600000,0x000000c724700000)]
  0x000002671ddc3000 JavaThread "Unconstrained build operations Thread 35" [_thread_blocked, id=7472, stack(0x000000c724700000,0x000000c724800000)]
  0x000002671ddc0000 JavaThread "Unconstrained build operations Thread 36" [_thread_blocked, id=11856, stack(0x000000c724800000,0x000000c724900000)]
  0x000002671ddc4000 JavaThread "Unconstrained build operations Thread 37" [_thread_blocked, id=6508, stack(0x000000c724900000,0x000000c724a00000)]
  0x000002671fbcd800 JavaThread "Unconstrained build operations Thread 38" [_thread_blocked, id=12036, stack(0x000000c724a00000,0x000000c724b00000)]
  0x000002671fbce800 JavaThread "Unconstrained build operations Thread 39" [_thread_blocked, id=9144, stack(0x000000c724b00000,0x000000c724c00000)]
  0x000002671fbcf800 JavaThread "Unconstrained build operations Thread 40" [_thread_blocked, id=3176, stack(0x000000c724c00000,0x000000c724d00000)]
  0x000002671fbd0000 JavaThread "RMI Scheduler(0)" daemon [_thread_blocked, id=2088, stack(0x000000c71ec00000,0x000000c71ed00000)]
  0x000002671fbcd000 JavaThread "RMI GC Daemon" daemon [_thread_blocked, id=232, stack(0x000000c724e00000,0x000000c724f00000)]
  0x000002671fbd1000 JavaThread "RMI TCP Accept-0" daemon [_thread_in_native, id=4348, stack(0x000000c724f00000,0x000000c725000000)]
  0x000002671fbcb000 JavaThread "RMI Reaper" [_thread_blocked, id=5268, stack(0x000000c725000000,0x000000c725100000)]
  0x000002671fbd4000 JavaThread "RMI TCP Connection(2)-127.0.0.1" daemon [_thread_in_native, id=2596, stack(0x000000c725100000,0x000000c725200000)]
  0x000002671fbd5000 JavaThread "Cache worker for Java compile cache (C:\Users\hp\.gradle\caches\7.3.3\javaCompile)" [_thread_blocked, id=4460, stack(0x000000c721b00000,0x000000c721c00000)]
  0x000002671fbd2000 JavaThread "Build operations" [_thread_blocked, id=2856, stack(0x000000c724d00000,0x000000c724e00000)]
  0x000002671fbcc000 JavaThread "Build operations Thread 2" [_thread_blocked, id=7112, stack(0x000000c725200000,0x000000c725300000)]
  0x000002671fbd6000 JavaThread "Build operations Thread 3" [_thread_blocked, id=7180, stack(0x000000c725300000,0x000000c725400000)]
  0x000002671fbd6800 JavaThread "Build operations Thread 4" [_thread_blocked, id=2580, stack(0x000000c725400000,0x000000c725500000)]

Other Threads:
=>0x0000026718977800 VMThread "VM Thread" [stack: 0x000000c71f400000,0x000000c71f500000] [id=8256]
  0x00000267194bc800 WatcherThread [stack: 0x000000c71fe00000,0x000000c71ff00000] [id=10172]
  0x000002677b213000 GCTaskThread "GC Thread#0" [stack: 0x000000c71ef00000,0x000000c71f000000] [id=12608]
  0x0000026719d76000 GCTaskThread "GC Thread#1" [stack: 0x000000c71ff00000,0x000000c720000000] [id=8012]
  0x0000026719c18800 GCTaskThread "GC Thread#2" [stack: 0x000000c720000000,0x000000c720100000] [id=1496]
  0x000002671a4bb800 GCTaskThread "GC Thread#3" [stack: 0x000000c720b00000,0x000000c720c00000] [id=1188]
  0x000002677b244000 ConcurrentGCThread "G1 Main Marker" [stack: 0x000000c71f000000,0x000000c71f100000] [id=11160]
  0x000002677b245000 ConcurrentGCThread "G1 Conc#0" [stack: 0x000000c71f100000,0x000000c71f200000] [id=6100]
  0x000002677b2d8000 ConcurrentGCThread "G1 Refine#0" [stack: 0x000000c71f200000,0x000000c71f300000] [id=8428]
  0x000002677b2d9000 ConcurrentGCThread "G1 Young RemSet Sampling" [stack: 0x000000c71f300000,0x000000c71f400000] [id=7420]

Threads with active compile tasks:
C2 CompilerThread0   229151 10757       4       org.gradle.cache.internal.btree.CachingBlockStore::read (56 bytes)
C1 CompilerThread0   229151 10775       3       java.util.stream.SpinedBuffer::asArray (46 bytes)

VM state:at safepoint (normal execution)

VM Mutex/Monitor currently owned by a thread:  ([mutex/lock_event])
[0x000002677b1f9900] Threads_lock - owner thread: 0x0000026718977800
[0x000002677b1f8ca0] Heap_lock - owner thread: 0x000002671a09b000

Heap address: 0x0000000080000000, size: 2048 MB, Compressed Oops mode: 32-bit
Narrow klass base: 0x0000000000000000, Narrow klass shift: 3
Compressed class space size: 528482304 Address: 0x0000000100000000

Heap:
 garbage-first heap   total 414720K, used 109367K [0x0000000080000000, 0x0000000100000000)
  region size 1024K, 1 young (1024K), 1 survivors (1024K)
 Metaspace       used 81516K, capacity 84115K, committed 84300K, reserved 589824K
  class space    used 10549K, capacity 11570K, committed 11648K, reserved 516096K
Heap Regions: E=young(eden), S=young(survivor), O=old, HS=humongous(starts), HC=humongous(continues), CS=collection set, F=free, A=archive, TAMS=top-at-mark-start (previous, next)
|   0|0x0000000080000000, 0x0000000080100000, 0x0000000080100000|100%| O|  |TAMS 0x0000000080100000, 0x0000000080000000| Untracked 
|   1|0x0000000080100000, 0x0000000080200000, 0x0000000080200000|100%| O|  |TAMS 0x0000000080200000, 0x0000000080100000| Untracked 
|   2|0x0000000080200000, 0x0000000080300000, 0x0000000080300000|100%| O|  |TAMS 0x0000000080300000, 0x0000000080200000| Untracked 
|   3|0x0000000080300000, 0x0000000080400000, 0x0000000080400000|100%|HS|  |TAMS 0x0000000080400000, 0x0000000080300000| Complete 
|   4|0x0000000080400000, 0x0000000080500000, 0x0000000080500000|100%|HC|  |TAMS 0x0000000080500000, 0x0000000080400000| Complete 
|   5|0x0000000080500000, 0x0000000080600000, 0x0000000080600000|100%|HC|  |TAMS 0x0000000080600000, 0x0000000080500000| Complete 
|   6|0x0000000080600000, 0x0000000080700000, 0x0000000080700000|100%| O|  |TAMS 0x0000000080700000, 0x0000000080600000| Untracked 
|   7|0x0000000080700000, 0x0000000080800000, 0x0000000080800000|100%| O|  |TAMS 0x0000000080800000, 0x0000000080700000| Untracked 
|   8|0x0000000080800000, 0x0000000080900000, 0x0000000080900000|100%| O|  |TAMS 0x0000000080900000, 0x0000000080800000| Untracked 
|   9|0x0000000080900000, 0x0000000080a00000, 0x0000000080a00000|100%| O|  |TAMS 0x0000000080a00000, 0x0000000080900000| Untracked 
|  10|0x0000000080a00000, 0x0000000080b00000, 0x0000000080b00000|100%| O|  |TAMS 0x0000000080b00000, 0x0000000080a00000| Untracked 
|  11|0x0000000080b00000, 0x0000000080c00000, 0x0000000080c00000|100%| O|  |TAMS 0x0000000080c00000, 0x0000000080b00000| Untracked 
|  12|0x0000000080c00000, 0x0000000080d00000, 0x0000000080d00000|100%| O|  |TAMS 0x0000000080d00000, 0x0000000080c00000| Untracked 
|  13|0x0000000080d00000, 0x0000000080e00000, 0x0000000080e00000|100%| O|  |TAMS 0x0000000080e00000, 0x0000000080d00000| Untracked 
|  14|0x0000000080e00000, 0x0000000080f00000, 0x0000000080f00000|100%| O|  |TAMS 0x0000000080f00000, 0x0000000080e00000| Untracked 
|  15|0x0000000080f00000, 0x0000000081000000, 0x0000000081000000|100%| O|  |TAMS 0x0000000081000000, 0x0000000080f00000| Untracked 
|  16|0x0000000081000000, 0x0000000081100000, 0x0000000081100000|100%|HS|  |TAMS 0x0000000081100000, 0x0000000081000000| Complete 
|  17|0x0000000081100000, 0x0000000081200000, 0x0000000081200000|100%| O|  |TAMS 0x0000000081200000, 0x0000000081100000| Untracked 
|  18|0x0000000081200000, 0x0000000081300000, 0x0000000081300000|100%| O|  |TAMS 0x0000000081300000, 0x0000000081200000| Untracked 
|  19|0x0000000081300000, 0x0000000081400000, 0x0000000081400000|100%| O|  |TAMS 0x0000000081400000, 0x0000000081300000| Untracked 
|  20|0x0000000081400000, 0x0000000081500000, 0x0000000081500000|100%| O|  |TAMS 0x0000000081500000, 0x0000000081400000| Untracked 
|  21|0x0000000081500000, 0x0000000081600000, 0x0000000081600000|100%| O|  |TAMS 0x0000000081600000, 0x0000000081500000| Untracked 
|  22|0x0000000081600000, 0x0000000081700000, 0x0000000081700000|100%| O|  |TAMS 0x0000000081700000, 0x0000000081600000| Untracked 
|  23|0x0000000081700000, 0x0000000081800000, 0x0000000081800000|100%|HS|  |TAMS 0x0000000081800000, 0x0000000081700000| Complete 
|  24|0x0000000081800000, 0x0000000081900000, 0x0000000081900000|100%|HC|  |TAMS 0x0000000081900000, 0x0000000081800000| Complete 
|  25|0x0000000081900000, 0x0000000081a00000, 0x0000000081a00000|100%|HC|  |TAMS 0x0000000081a00000, 0x0000000081900000| Complete 
|  26|0x0000000081a00000, 0x0000000081b00000, 0x0000000081b00000|100%| O|  |TAMS 0x0000000081b00000, 0x0000000081a00000| Untracked 
|  27|0x0000000081b00000, 0x0000000081c00000, 0x0000000081c00000|100%| O|  |TAMS 0x0000000081c00000, 0x0000000081b00000| Untracked 
|  28|0x0000000081c00000, 0x0000000081d00000, 0x0000000081d00000|100%| O|  |TAMS 0x0000000081d00000, 0x0000000081c00000| Untracked 
|  29|0x0000000081d00000, 0x0000000081e00000, 0x0000000081e00000|100%| O|  |TAMS 0x0000000081e00000, 0x0000000081d00000| Untracked 
|  30|0x0000000081e00000, 0x0000000081f00000, 0x0000000081f00000|100%|HS|  |TAMS 0x0000000081e00000, 0x0000000081e00000| Complete 
|  31|0x0000000081f00000, 0x0000000082000000, 0x0000000082000000|100%| O|  |TAMS 0x0000000082000000, 0x0000000081f00000| Untracked 
|  32|0x0000000082000000, 0x0000000082100000, 0x0000000082100000|100%| O|  |TAMS 0x0000000082100000, 0x0000000082000000| Untracked 
|  33|0x0000000082100000, 0x0000000082200000, 0x0000000082200000|100%| O|  |TAMS 0x0000000082200000, 0x0000000082100000| Untracked 
|  34|0x0000000082200000, 0x0000000082300000, 0x0000000082300000|100%| O|  |TAMS 0x0000000082300000, 0x0000000082200000| Untracked 
|  35|0x0000000082300000, 0x0000000082400000, 0x0000000082400000|100%| O|  |TAMS 0x0000000082400000, 0x0000000082300000| Untracked 
|  36|0x0000000082400000, 0x0000000082500000, 0x0000000082500000|100%| O|  |TAMS 0x0000000082500000, 0x0000000082400000| Untracked 
|  37|0x0000000082500000, 0x0000000082600000, 0x0000000082600000|100%| O|  |TAMS 0x0000000082600000, 0x0000000082500000| Untracked 
|  38|0x0000000082600000, 0x0000000082700000, 0x0000000082700000|100%| O|  |TAMS 0x0000000082700000, 0x0000000082600000| Untracked 
|  39|0x0000000082700000, 0x0000000082800000, 0x0000000082800000|100%| O|  |TAMS 0x0000000082800000, 0x0000000082700000| Untracked 
|  40|0x0000000082800000, 0x0000000082900000, 0x0000000082900000|100%| O|  |TAMS 0x0000000082900000, 0x0000000082800000| Untracked 
|  41|0x0000000082900000, 0x0000000082a00000, 0x0000000082a00000|100%| O|  |TAMS 0x0000000082a00000, 0x0000000082900000| Untracked 
|  42|0x0000000082a00000, 0x0000000082b00000, 0x0000000082b00000|100%|HS|  |TAMS 0x0000000082a00000, 0x0000000082a00000| Complete 
|  43|0x0000000082b00000, 0x0000000082c00000, 0x0000000082c00000|100%| O|  |TAMS 0x0000000082b00000, 0x0000000082b00000| Untracked 
|  44|0x0000000082c00000, 0x0000000082d00000, 0x0000000082d00000|100%| O|  |TAMS 0x0000000082c00000, 0x0000000082c00000| Untracked 
|  45|0x0000000082d00000, 0x0000000082e00000, 0x0000000082e00000|100%| O|  |TAMS 0x0000000082d00000, 0x0000000082d00000| Untracked 
|  46|0x0000000082e00000, 0x0000000082f00000, 0x0000000082f00000|100%| O|  |TAMS 0x0000000082e00000, 0x0000000082e00000| Untracked 
|  47|0x0000000082f00000, 0x0000000083000000, 0x0000000083000000|100%| O|  |TAMS 0x0000000082f00000, 0x0000000082f00000| Untracked 
|  48|0x0000000083000000, 0x0000000083100000, 0x0000000083100000|100%| O|  |TAMS 0x0000000083100000, 0x0000000083000000| Untracked 
|  49|0x0000000083100000, 0x0000000083200000, 0x0000000083200000|100%| O|  |TAMS 0x0000000083200000, 0x0000000083100000| Untracked 
|  50|0x0000000083200000, 0x0000000083300000, 0x0000000083300000|100%| O|  |TAMS 0x0000000083300000, 0x0000000083200000| Untracked 
|  51|0x0000000083300000, 0x0000000083400000, 0x0000000083400000|100%| O|  |TAMS 0x0000000083400000, 0x0000000083300000| Untracked 
|  52|0x0000000083400000, 0x0000000083500000, 0x0000000083500000|100%| O|  |TAMS 0x0000000083500000, 0x0000000083400000| Untracked 
|  53|0x0000000083500000, 0x0000000083600000, 0x0000000083600000|100%| O|  |TAMS 0x0000000083600000, 0x0000000083500000| Untracked 
|  54|0x0000000083600000, 0x0000000083700000, 0x0000000083700000|100%| O|  |TAMS 0x0000000083600000, 0x0000000083600000| Untracked 
|  55|0x0000000083700000, 0x0000000083800000, 0x0000000083800000|100%| O|  |TAMS 0x0000000083800000, 0x0000000083700000| Untracked 
|  56|0x0000000083800000, 0x0000000083900000, 0x0000000083900000|100%| O|  |TAMS 0x0000000083800000, 0x0000000083800000| Untracked 
|  57|0x0000000083900000, 0x0000000083a00000, 0x0000000083a00000|100%| O|  |TAMS 0x0000000083900000, 0x0000000083900000| Untracked 
|  58|0x0000000083a00000, 0x0000000083b00000, 0x0000000083b00000|100%| O|  |TAMS 0x0000000083a00000, 0x0000000083a00000| Untracked 
|  59|0x0000000083b00000, 0x0000000083c00000, 0x0000000083c00000|100%| O|  |TAMS 0x0000000083c00000, 0x0000000083b00000| Untracked 
|  60|0x0000000083c00000, 0x0000000083d00000, 0x0000000083d00000|100%| O|  |TAMS 0x0000000083c00000, 0x0000000083c00000| Untracked 
|  61|0x0000000083d00000, 0x0000000083d00000, 0x0000000083e00000|  0%| F|  |TAMS 0x0000000083d00000, 0x0000000083d00000| Untracked 
|  62|0x0000000083e00000, 0x0000000083f00000, 0x0000000083f00000|100%| O|  |TAMS 0x0000000083f00000, 0x0000000083e00000| Untracked 
|  63|0x0000000083f00000, 0x0000000083f00000, 0x0000000084000000|  0%| F|  |TAMS 0x0000000083f00000, 0x0000000083f00000| Untracked 
|  64|0x0000000084000000, 0x0000000084100000, 0x0000000084100000|100%| O|  |TAMS 0x0000000084100000, 0x0000000084000000| Untracked 
|  65|0x0000000084100000, 0x0000000084200000, 0x0000000084200000|100%| O|  |TAMS 0x0000000084200000, 0x0000000084100000| Untracked 
|  66|0x0000000084200000, 0x0000000084300000, 0x0000000084300000|100%| O|  |TAMS 0x0000000084289a00, 0x0000000084200000| Untracked 
|  67|0x0000000084300000, 0x0000000084400000, 0x0000000084400000|100%| O|  |TAMS 0x0000000084400000, 0x0000000084300000| Untracked 
|  68|0x0000000084400000, 0x0000000084500000, 0x0000000084500000|100%| O|  |TAMS 0x0000000084400000, 0x0000000084400000| Untracked 
|  69|0x0000000084500000, 0x0000000084600000, 0x0000000084600000|100%| O|  |TAMS 0x0000000084500000, 0x0000000084500000| Untracked 
|  70|0x0000000084600000, 0x0000000084600000, 0x0000000084700000|  0%| F|  |TAMS 0x0000000084600000, 0x0000000084600000| Untracked 
|  71|0x0000000084700000, 0x0000000084800000, 0x0000000084800000|100%| O|  |TAMS 0x0000000084700000, 0x0000000084700000| Untracked 
|  72|0x0000000084800000, 0x0000000084900000, 0x0000000084900000|100%| O|  |TAMS 0x0000000084800000, 0x0000000084800000| Untracked 
|  73|0x0000000084900000, 0x0000000084900000, 0x0000000084a00000|  0%| F|  |TAMS 0x0000000084900000, 0x0000000084900000| Untracked 
|  74|0x0000000084a00000, 0x0000000084b00000, 0x0000000084b00000|100%| O|  |TAMS 0x0000000084b00000, 0x0000000084a00000| Untracked 
|  75|0x0000000084b00000, 0x0000000084c00000, 0x0000000084c00000|100%| O|  |TAMS 0x0000000084b00000, 0x0000000084b00000| Untracked 
|  76|0x0000000084c00000, 0x0000000084d00000, 0x0000000084d00000|100%| O|  |TAMS 0x0000000084c00000, 0x0000000084c00000| Untracked 
|  77|0x0000000084d00000, 0x0000000084e00000, 0x0000000084e00000|100%| O|  |TAMS 0x0000000084e00000, 0x0000000084d00000| Untracked 
|  78|0x0000000084e00000, 0x0000000084f00000, 0x0000000084f00000|100%| O|  |TAMS 0x0000000084f00000, 0x0000000084e00000| Untracked 
|  79|0x0000000084f00000, 0x0000000085000000, 0x0000000085000000|100%| O|  |TAMS 0x0000000084f00000, 0x0000000084f00000| Untracked 
|  80|0x0000000085000000, 0x0000000085100000, 0x0000000085100000|100%| O|  |TAMS 0x0000000085000000, 0x0000000085000000| Untracked 
|  81|0x0000000085100000, 0x0000000085100000, 0x0000000085200000|  0%| F|  |TAMS 0x0000000085100000, 0x0000000085100000| Untracked 
|  82|0x0000000085200000, 0x0000000085200000, 0x0000000085300000|  0%| F|  |TAMS 0x0000000085200000, 0x0000000085200000| Untracked 
|  83|0x0000000085300000, 0x0000000085400000, 0x0000000085400000|100%| O|  |TAMS 0x0000000085400000, 0x0000000085300000| Untracked 
|  84|0x0000000085400000, 0x0000000085400000, 0x0000000085500000|  0%| F|  |TAMS 0x0000000085400000, 0x0000000085400000| Untracked 
|  85|0x0000000085500000, 0x0000000085500000, 0x0000000085600000|  0%| F|  |TAMS 0x0000000085500000, 0x0000000085500000| Untracked 
|  86|0x0000000085600000, 0x0000000085600000, 0x0000000085700000|  0%| F|  |TAMS 0x0000000085600000, 0x0000000085600000| Untracked 
|  87|0x0000000085700000, 0x0000000085700000, 0x0000000085800000|  0%| F|  |TAMS 0x0000000085700000, 0x0000000085700000| Untracked 
|  88|0x0000000085800000, 0x0000000085800000, 0x0000000085900000|  0%| F|  |TAMS 0x0000000085800000, 0x0000000085800000| Untracked 
|  89|0x0000000085900000, 0x0000000085900000, 0x0000000085a00000|  0%| F|  |TAMS 0x0000000085900000, 0x0000000085900000| Untracked 
|  90|0x0000000085a00000, 0x0000000085b00000, 0x0000000085b00000|100%| O|  |TAMS 0x0000000085b00000, 0x0000000085a00000| Untracked 
|  91|0x0000000085b00000, 0x0000000085c00000, 0x0000000085c00000|100%| O|  |TAMS 0x0000000085c00000, 0x0000000085b00000| Untracked 
|  92|0x0000000085c00000, 0x0000000085c00000, 0x0000000085d00000|  0%| F|  |TAMS 0x0000000085c00000, 0x0000000085c00000| Untracked 
|  93|0x0000000085d00000, 0x0000000085d00000, 0x0000000085e00000|  0%| F|  |TAMS 0x0000000085d00000, 0x0000000085d00000| Untracked 
|  94|0x0000000085e00000, 0x0000000085f00000, 0x0000000085f00000|100%| O|  |TAMS 0x0000000085f00000, 0x0000000085e00000| Untracked 
|  95|0x0000000085f00000, 0x0000000086000000, 0x0000000086000000|100%| O|  |TAMS 0x0000000086000000, 0x0000000085f00000| Untracked 
|  96|0x0000000086000000, 0x0000000086100000, 0x0000000086100000|100%| O|  |TAMS 0x0000000086100000, 0x0000000086000000| Untracked 
|  97|0x0000000086100000, 0x0000000086200000, 0x0000000086200000|100%| O|  |TAMS 0x0000000086200000, 0x0000000086100000| Untracked 
|  98|0x0000000086200000, 0x0000000086300000, 0x0000000086300000|100%| O|  |TAMS 0x0000000086300000, 0x0000000086200000| Untracked 
|  99|0x0000000086300000, 0x0000000086300000, 0x0000000086400000|  0%| F|  |TAMS 0x0000000086300000, 0x0000000086300000| Untracked 
| 100|0x0000000086400000, 0x0000000086500000, 0x0000000086500000|100%| O|  |TAMS 0x0000000086500000, 0x0000000086400000| Untracked 
| 101|0x0000000086500000, 0x0000000086600000, 0x0000000086600000|100%| O|  |TAMS 0x0000000086600000, 0x0000000086500000| Untracked 
| 102|0x0000000086600000, 0x0000000086700000, 0x0000000086700000|100%| O|  |TAMS 0x0000000086700000, 0x0000000086600000| Untracked 
| 103|0x0000000086700000, 0x0000000086800000, 0x0000000086800000|100%| O|  |TAMS 0x0000000086800000, 0x0000000086700000| Untracked 
| 104|0x0000000086800000, 0x0000000086900000, 0x0000000086900000|100%| O|  |TAMS 0x0000000086900000, 0x0000000086800000| Untracked 
| 105|0x0000000086900000, 0x0000000086a00000, 0x0000000086a00000|100%| O|  |TAMS 0x0000000086900000, 0x0000000086900000| Untracked 
| 106|0x0000000086a00000, 0x0000000086b00000, 0x0000000086b00000|100%| O|  |TAMS 0x0000000086a00000, 0x0000000086a00000| Untracked 
| 107|0x0000000086b00000, 0x0000000086c00000, 0x0000000086c00000|100%| O|  |TAMS 0x0000000086b00000, 0x0000000086b00000| Untracked 
| 108|0x0000000086c00000, 0x0000000086d00000, 0x0000000086d00000|100%| O|  |TAMS 0x0000000086c00000, 0x0000000086c00000| Untracked 
| 109|0x0000000086d00000, 0x0000000086e00000, 0x0000000086e00000|100%| O|  |TAMS 0x0000000086d00000, 0x0000000086d00000| Untracked 
| 110|0x0000000086e00000, 0x0000000086f00000, 0x0000000086f00000|100%| O|  |TAMS 0x0000000086e00000, 0x0000000086e00000| Untracked 
| 111|0x0000000086f00000, 0x0000000087000000, 0x0000000087000000|100%| O|  |TAMS 0x0000000086f00000, 0x0000000086f00000| Untracked 
| 112|0x0000000087000000, 0x0000000087100000, 0x0000000087100000|100%| O|  |TAMS 0x0000000087000000, 0x0000000087000000| Untracked 
| 113|0x0000000087100000, 0x0000000087200000, 0x0000000087200000|100%| O|  |TAMS 0x0000000087100000, 0x0000000087100000| Untracked 
| 114|0x0000000087200000, 0x0000000087300000, 0x0000000087300000|100%| O|  |TAMS 0x0000000087200000, 0x0000000087200000| Untracked 
| 115|0x0000000087300000, 0x0000000087400000, 0x0000000087400000|100%| O|  |TAMS 0x0000000087300000, 0x0000000087300000| Untracked 
| 116|0x0000000087400000, 0x0000000087500000, 0x0000000087500000|100%| O|  |TAMS 0x0000000087400000, 0x0000000087400000| Untracked 
| 117|0x0000000087500000, 0x0000000087600000, 0x0000000087600000|100%| O|  |TAMS 0x0000000087500000, 0x0000000087500000| Untracked 
| 118|0x0000000087600000, 0x0000000087700000, 0x0000000087700000|100%| O|  |TAMS 0x0000000087600000, 0x0000000087600000| Untracked 
| 119|0x0000000087700000, 0x0000000087800000, 0x0000000087800000|100%| O|  |TAMS 0x0000000087700000, 0x0000000087700000| Untracked 
| 120|0x0000000087800000, 0x0000000087900000, 0x0000000087900000|100%| O|  |TAMS 0x0000000087800000, 0x0000000087800000| Untracked 
| 121|0x0000000087900000, 0x0000000087900000, 0x0000000087a00000|  0%| F|  |TAMS 0x0000000087900000, 0x0000000087900000| Untracked 
| 122|0x0000000087a00000, 0x0000000087a00000, 0x0000000087b00000|  0%| F|  |TAMS 0x0000000087a00000, 0x0000000087a00000| Untracked 
| 123|0x0000000087b00000, 0x0000000087b00000, 0x0000000087c00000|  0%| F|  |TAMS 0x0000000087b00000, 0x0000000087b00000| Untracked 
| 124|0x0000000087c00000, 0x0000000087c00000, 0x0000000087d00000|  0%| F|  |TAMS 0x0000000087c00000, 0x0000000087c00000| Untracked 
| 125|0x0000000087d00000, 0x0000000087d00000, 0x0000000087e00000|  0%| F|  |TAMS 0x0000000087d00000, 0x0000000087d00000| Untracked 
| 126|0x0000000087e00000, 0x0000000087e00000, 0x0000000087f00000|  0%| F|  |TAMS 0x0000000087e00000, 0x0000000087e00000| Untracked 
| 127|0x0000000087f00000, 0x0000000087f00000, 0x0000000088000000|  0%| F|  |TAMS 0x0000000087f00000, 0x0000000087f00000| Untracked 
| 128|0x0000000088000000, 0x0000000088000000, 0x0000000088100000|  0%| F|  |TAMS 0x0000000088000000, 0x0000000088000000| Untracked 
| 129|0x0000000088100000, 0x0000000088100000, 0x0000000088200000|  0%| F|  |TAMS 0x0000000088100000, 0x0000000088100000| Untracked 
| 130|0x0000000088200000, 0x0000000088200000, 0x0000000088300000|  0%| F|  |TAMS 0x0000000088200000, 0x0000000088200000| Untracked 
| 131|0x0000000088300000, 0x0000000088300000, 0x0000000088400000|  0%| F|  |TAMS 0x0000000088300000, 0x0000000088300000| Untracked 
| 132|0x0000000088400000, 0x0000000088400000, 0x0000000088500000|  0%| F|  |TAMS 0x0000000088400000, 0x0000000088400000| Untracked 
| 133|0x0000000088500000, 0x0000000088500000, 0x0000000088600000|  0%| F|  |TAMS 0x0000000088500000, 0x0000000088500000| Untracked 
| 134|0x0000000088600000, 0x0000000088600000, 0x0000000088700000|  0%| F|  |TAMS 0x0000000088600000, 0x0000000088600000| Untracked 
| 135|0x0000000088700000, 0x0000000088700000, 0x0000000088800000|  0%| F|  |TAMS 0x0000000088700000, 0x0000000088700000| Untracked 
| 136|0x0000000088800000, 0x0000000088800000, 0x0000000088900000|  0%| F|  |TAMS 0x0000000088800000, 0x0000000088800000| Untracked 
| 137|0x0000000088900000, 0x0000000088900000, 0x0000000088a00000|  0%| F|  |TAMS 0x0000000088900000, 0x0000000088900000| Untracked 
| 138|0x0000000088a00000, 0x0000000088a00000, 0x0000000088b00000|  0%| F|  |TAMS 0x0000000088a00000, 0x0000000088a00000| Untracked 
| 139|0x0000000088b00000, 0x0000000088b00000, 0x0000000088c00000|  0%| F|  |TAMS 0x0000000088b00000, 0x0000000088b00000| Untracked 
| 140|0x0000000088c00000, 0x0000000088c00000, 0x0000000088d00000|  0%| F|  |TAMS 0x0000000088c00000, 0x0000000088c00000| Untracked 
| 141|0x0000000088d00000, 0x0000000088d00000, 0x0000000088e00000|  0%| F|  |TAMS 0x0000000088d00000, 0x0000000088d00000| Untracked 
| 142|0x0000000088e00000, 0x0000000088e00000, 0x0000000088f00000|  0%| F|  |TAMS 0x0000000088e00000, 0x0000000088e00000| Untracked 
| 143|0x0000000088f00000, 0x0000000088f00000, 0x0000000089000000|  0%| F|  |TAMS 0x0000000088f00000, 0x0000000088f00000| Untracked 
| 144|0x0000000089000000, 0x0000000089000000, 0x0000000089100000|  0%| F|  |TAMS 0x0000000089000000, 0x0000000089000000| Untracked 
| 145|0x0000000089100000, 0x0000000089100000, 0x0000000089200000|  0%| F|  |TAMS 0x0000000089100000, 0x0000000089100000| Untracked 
| 146|0x0000000089200000, 0x0000000089200000, 0x0000000089300000|  0%| F|  |TAMS 0x0000000089200000, 0x0000000089200000| Untracked 
| 147|0x0000000089300000, 0x0000000089300000, 0x0000000089400000|  0%| F|  |TAMS 0x0000000089300000, 0x0000000089300000| Untracked 
| 148|0x0000000089400000, 0x0000000089400000, 0x0000000089500000|  0%| F|  |TAMS 0x0000000089400000, 0x0000000089400000| Untracked 
| 149|0x0000000089500000, 0x0000000089500000, 0x0000000089600000|  0%| F|  |TAMS 0x0000000089500000, 0x0000000089500000| Untracked 
| 150|0x0000000089600000, 0x0000000089600000, 0x0000000089700000|  0%| F|  |TAMS 0x0000000089600000, 0x0000000089600000| Untracked 
| 151|0x0000000089700000, 0x0000000089700000, 0x0000000089800000|  0%| F|  |TAMS 0x0000000089700000, 0x0000000089700000| Untracked 
| 152|0x0000000089800000, 0x0000000089800000, 0x0000000089900000|  0%| F|  |TAMS 0x0000000089800000, 0x0000000089800000| Untracked 
| 153|0x0000000089900000, 0x0000000089900000, 0x0000000089a00000|  0%| F|  |TAMS 0x0000000089900000, 0x0000000089900000| Untracked 
| 154|0x0000000089a00000, 0x0000000089a00000, 0x0000000089b00000|  0%| F|  |TAMS 0x0000000089a00000, 0x0000000089a00000| Untracked 
| 155|0x0000000089b00000, 0x0000000089b00000, 0x0000000089c00000|  0%| F|  |TAMS 0x0000000089b00000, 0x0000000089b00000| Untracked 
| 156|0x0000000089c00000, 0x0000000089c00000, 0x0000000089d00000|  0%| F|  |TAMS 0x0000000089c00000, 0x0000000089c00000| Untracked 
| 157|0x0000000089d00000, 0x0000000089dcde00, 0x0000000089e00000| 80%| S|CS|TAMS 0x0000000089d00000, 0x0000000089d00000| Complete 
| 158|0x0000000089e00000, 0x0000000089e00000, 0x0000000089f00000|  0%| F|  |TAMS 0x0000000089e00000, 0x0000000089e00000| Untracked 
| 159|0x0000000089f00000, 0x0000000089f00000, 0x000000008a000000|  0%| F|  |TAMS 0x0000000089f00000, 0x0000000089f00000| Untracked 
| 160|0x000000008a000000, 0x000000008a000000, 0x000000008a100000|  0%| F|  |TAMS 0x000000008a000000, 0x000000008a000000| Untracked 
| 161|0x000000008a100000, 0x000000008a100000, 0x000000008a200000|  0%| F|  |TAMS 0x000000008a100000, 0x000000008a100000| Untracked 
| 162|0x000000008a200000, 0x000000008a200000, 0x000000008a300000|  0%| F|  |TAMS 0x000000008a200000, 0x000000008a200000| Untracked 
| 163|0x000000008a300000, 0x000000008a300000, 0x000000008a400000|  0%| F|  |TAMS 0x000000008a300000, 0x000000008a300000| Untracked 
| 164|0x000000008a400000, 0x000000008a400000, 0x000000008a500000|  0%| F|  |TAMS 0x000000008a400000, 0x000000008a400000| Untracked 
| 165|0x000000008a500000, 0x000000008a500000, 0x000000008a600000|  0%| F|  |TAMS 0x000000008a500000, 0x000000008a500000| Untracked 
| 166|0x000000008a600000, 0x000000008a600000, 0x000000008a700000|  0%| F|  |TAMS 0x000000008a600000, 0x000000008a600000| Untracked 
| 167|0x000000008a700000, 0x000000008a700000, 0x000000008a800000|  0%| F|  |TAMS 0x000000008a700000, 0x000000008a700000| Untracked 
| 168|0x000000008a800000, 0x000000008a800000, 0x000000008a900000|  0%| F|  |TAMS 0x000000008a800000, 0x000000008a800000| Untracked 
| 169|0x000000008a900000, 0x000000008a900000, 0x000000008aa00000|  0%| F|  |TAMS 0x000000008a900000, 0x000000008a900000| Untracked 
| 170|0x000000008aa00000, 0x000000008aa00000, 0x000000008ab00000|  0%| F|  |TAMS 0x000000008aa00000, 0x000000008aa00000| Untracked 
| 171|0x000000008ab00000, 0x000000008ab00000, 0x000000008ac00000|  0%| F|  |TAMS 0x000000008ab00000, 0x000000008ab00000| Untracked 
| 172|0x000000008ac00000, 0x000000008ac00000, 0x000000008ad00000|  0%| F|  |TAMS 0x000000008ac00000, 0x000000008ac00000| Untracked 
| 173|0x000000008ad00000, 0x000000008ad00000, 0x000000008ae00000|  0%| F|  |TAMS 0x000000008ad00000, 0x000000008ad00000| Untracked 
| 174|0x000000008ae00000, 0x000000008ae00000, 0x000000008af00000|  0%| F|  |TAMS 0x000000008ae00000, 0x000000008ae00000| Untracked 
| 175|0x000000008af00000, 0x000000008af00000, 0x000000008b000000|  0%| F|  |TAMS 0x000000008af00000, 0x000000008af00000| Untracked 
| 176|0x000000008b000000, 0x000000008b000000, 0x000000008b100000|  0%| F|  |TAMS 0x000000008b000000, 0x000000008b000000| Untracked 
| 177|0x000000008b100000, 0x000000008b100000, 0x000000008b200000|  0%| F|  |TAMS 0x000000008b100000, 0x000000008b100000| Untracked 
| 178|0x000000008b200000, 0x000000008b200000, 0x000000008b300000|  0%| F|  |TAMS 0x000000008b200000, 0x000000008b200000| Untracked 
| 179|0x000000008b300000, 0x000000008b300000, 0x000000008b400000|  0%| F|  |TAMS 0x000000008b300000, 0x000000008b300000| Untracked 
| 180|0x000000008b400000, 0x000000008b400000, 0x000000008b500000|  0%| F|  |TAMS 0x000000008b400000, 0x000000008b400000| Untracked 

Card table byte_map: [0x000002677b6e0000,0x000002677bae0000] _byte_map_base: 0x000002677b2e0000

Marking Bits (Prev, Next): (CMBitMap*) 0x000002677b23b140, (CMBitMap*) 0x000002677b23b108
 Prev Bits: [0x000002677dee0000, 0x000002677fee0000)
 Next Bits: [0x000002677bee0000, 0x000002677dee0000)

Polling page: 0x0000026779210000

Metaspace:

Usage:
  Non-class:     70.84 MB capacity,    69.30 MB ( 98%) used,     1.28 MB (  2%) free+waste,   267.50 KB ( <1%) overhead. 
      Class:     11.30 MB capacity,    10.30 MB ( 91%) used,   889.70 KB (  8%) free+waste,   130.94 KB (  1%) overhead. 
       Both:     82.14 MB capacity,    79.61 MB ( 97%) used,     2.15 MB (  3%) free+waste,   398.44 KB ( <1%) overhead. 

Virtual space:
  Non-class space:       72.00 MB reserved,      70.95 MB ( 99%) committed 
      Class space:      504.00 MB reserved,      11.38 MB (  2%) committed 
             Both:      576.00 MB reserved,      82.32 MB ( 14%) committed 

Chunk freelists:
   Non-Class:  5.38 KB
       Class:  0 bytes
        Both:  5.38 KB

CodeHeap 'non-profiled nmethods': size=120064Kb used=5747Kb max_used=5747Kb free=114316Kb
 bounds [0x000002670f090000, 0x000002670f630000, 0x00000267165d0000]
CodeHeap 'profiled nmethods': size=120000Kb used=23988Kb max_used=23988Kb free=96012Kb
 bounds [0x0000026707b60000, 0x00000267092d0000, 0x000002670f090000]
CodeHeap 'non-nmethods': size=5696Kb used=2309Kb max_used=2359Kb free=3386Kb
 bounds [0x00000267075d0000, 0x0000026707840000, 0x0000026707b60000]
 total_blobs=11599 nmethods=10673 adapters=837
 compilation: enabled
              stopped_count=0, restarted_count=0
 full_count=0

Compilation events (10 events):
Event: 228.955 Thread 0x00000267192fa000 nmethod 10771 0x00000267092caa90 code [0x00000267092caca0, 0x00000267092cb3e8]
Event: 228.961 Thread 0x00000267192fa000 10772       3       java.util.stream.Nodes$SpinedNodeBuilder::end (29 bytes)
Event: 228.962 Thread 0x00000267192fa000 nmethod 10772 0x00000267092cb610 code [0x00000267092cb7a0, 0x00000267092cb8b8]
Event: 228.962 Thread 0x00000267192fa000 10777       3       java.util.stream.SpinedBuffer::copyInto (129 bytes)
Event: 228.963 Thread 0x00000267192fa000 nmethod 10777 0x00000267092cb990 code [0x00000267092cbbc0, 0x00000267092cc5d8]
Event: 228.963 Thread 0x00000267192fa000 10773       3       java.util.stream.Nodes$SpinedNodeBuilder::build (25 bytes)
Event: 228.963 Thread 0x00000267192fa000 nmethod 10773 0x00000267092cc910 code [0x00000267092ccaa0, 0x00000267092ccbb8]
Event: 228.963 Thread 0x00000267192fa000 10774       3       java.util.stream.Nodes$SpinedNodeBuilder::asArray (29 bytes)
Event: 228.963 Thread 0x00000267192fa000 nmethod 10774 0x00000267092ccc90 code [0x00000267092cce40, 0x00000267092ccf88]
Event: 228.963 Thread 0x00000267192fa000 10775       3       java.util.stream.SpinedBuffer::asArray (46 bytes)

GC Heap History (10 events):
Event: 223.896 GC heap after
{Heap after GC invocations=34 (full 0):
 garbage-first heap   total 136192K, used 111596K [0x0000000080000000, 0x0000000100000000)
  region size 1024K, 1 young (1024K), 1 survivors (1024K)
 Metaspace       used 80456K, capacity 82921K, committed 83148K, reserved 587776K
  class space    used 10443K, capacity 11437K, committed 11520K, reserved 516096K
}
Event: 224.007 GC heap before
{Heap before GC invocations=34 (full 0):
 garbage-first heap   total 136192K, used 116716K [0x0000000080000000, 0x0000000100000000)
  region size 1024K, 6 young (6144K), 1 survivors (1024K)
 Metaspace       used 80456K, capacity 82921K, committed 83148K, reserved 587776K
  class space    used 10443K, capacity 11437K, committed 11520K, reserved 516096K
}
Event: 224.020 GC heap after
{Heap after GC invocations=35 (full 0):
 garbage-first heap   total 185344K, used 112905K [0x0000000080000000, 0x0000000100000000)
  region size 1024K, 1 young (1024K), 1 survivors (1024K)
 Metaspace       used 80456K, capacity 82921K, committed 83148K, reserved 587776K
  class space    used 10443K, capacity 11437K, committed 11520K, reserved 516096K
}
Event: 224.642 GC heap before
{Heap before GC invocations=36 (full 0):
 garbage-first heap   total 185344K, used 122121K [0x0000000080000000, 0x0000000100000000)
  region size 1024K, 21 young (21504K), 1 survivors (1024K)
 Metaspace       used 80506K, capacity 83027K, committed 83148K, reserved 587776K
  class space    used 10451K, capacity 11472K, committed 11520K, reserved 516096K
}
Event: 224.671 GC heap after
{Heap after GC invocations=37 (full 0):
 garbage-first heap   total 185344K, used 111616K [0x0000000080000000, 0x0000000100000000)
  region size 1024K, 3 young (3072K), 3 survivors (3072K)
 Metaspace       used 80506K, capacity 83027K, committed 83148K, reserved 587776K
  class space    used 10451K, capacity 11472K, committed 11520K, reserved 516096K
}
Event: 224.792 GC heap before
{Heap before GC invocations=37 (full 0):
 garbage-first heap   total 185344K, used 117760K [0x0000000080000000, 0x0000000100000000)
  region size 1024K, 9 young (9216K), 3 survivors (3072K)
 Metaspace       used 80543K, capacity 83044K, committed 83148K, reserved 587776K
  class space    used 10456K, capacity 11478K, committed 11520K, reserved 516096K
}
Event: 224.860 GC heap after
{Heap after GC invocations=38 (full 0):
 garbage-first heap   total 185344K, used 106242K [0x0000000080000000, 0x0000000100000000)
  region size 1024K, 2 young (2048K), 2 survivors (2048K)
 Metaspace       used 80543K, capacity 83044K, committed 83148K, reserved 587776K
  class space    used 10456K, capacity 11478K, committed 11520K, reserved 516096K
}
Event: 226.448 GC heap before
{Heap before GC invocations=38 (full 0):
 garbage-first heap   total 185344K, used 114434K [0x0000000080000000, 0x0000000100000000)
  region size 1024K, 9 young (9216K), 2 survivors (2048K)
 Metaspace       used 80868K, capacity 83369K, committed 83404K, reserved 589824K
  class space    used 10493K, capacity 11519K, committed 11520K, reserved 516096K
}
Event: 226.469 GC heap after
{Heap after GC invocations=39 (full 0):
 garbage-first heap   total 185344K, used 108535K [0x0000000080000000, 0x0000000100000000)
  region size 1024K, 2 young (2048K), 2 survivors (2048K)
 Metaspace       used 80868K, capacity 83369K, committed 83404K, reserved 589824K
  class space    used 10493K, capacity 11519K, committed 11520K, reserved 516096K
}
Event: 228.963 GC heap before
{Heap before GC invocations=39 (full 0):
 garbage-first heap   total 185344K, used 130039K [0x0000000080000000, 0x0000000100000000)
  region size 1024K, 23 young (23552K), 2 survivors (2048K)
 Metaspace       used 81516K, capacity 84115K, committed 84300K, reserved 589824K
  class space    used 10549K, capacity 11570K, committed 11648K, reserved 516096K
}

Deoptimization events (10 events):
Event: 228.209 Thread 0x000002671bfb3800 Uncommon trap: reason=unstable_if action=reinterpret pc=0x000002670f2ba570 method=org.objectweb.asm.MethodWriter.visitVarInsn(II)V @ 116 c2
Event: 228.292 Thread 0x000002671bfb3800 Uncommon trap: reason=unstable_if action=reinterpret pc=0x000002670f330120 method=org.objectweb.asm.Label.resolve([BI)Z @ 80 c2
Event: 228.374 Thread 0x000002671bfb2000 Uncommon trap: reason=unstable_if action=reinterpret pc=0x000002670f38166c method=java.util.concurrent.locks.ReentrantLock$Sync.nonfairTryAcquire(I)Z @ 19 c2
Event: 228.389 Thread 0x000002671bfb3800 Uncommon trap: reason=unstable_if action=reinterpret pc=0x000002670f61a67c method=org.objectweb.asm.ClassReader.readUtf(II[C)Ljava/lang/String; @ 41 c2
Event: 228.411 Thread 0x000002671bfb3800 Uncommon trap: reason=unstable_if action=reinterpret pc=0x000002670f31e6cc method=java.lang.String.hashCode()I @ 22 c2
Event: 228.411 Thread 0x000002671bfb3800 Uncommon trap: reason=unstable_if action=reinterpret pc=0x000002670f356448 method=org.objectweb.asm.ByteVector.putUTF8(Ljava/lang/String;)Lorg/objectweb/asm/ByteVector; @ 100 c2
Event: 228.411 Thread 0x000002671bfb3800 Uncommon trap: reason=unstable_if action=reinterpret pc=0x000002670f096788 method=java.lang.String.isLatin1()Z @ 10 c2
Event: 228.411 Thread 0x000002671bfb3800 Uncommon trap: reason=unstable_if action=reinterpret pc=0x000002670f333510 method=org.objectweb.asm.ByteVector.putUTF8(Ljava/lang/String;)Lorg/objectweb/asm/ByteVector; @ 100 c2
Event: 228.580 Thread 0x000002671a09b000 Uncommon trap: reason=bimorphic_or_optimized_type_check action=maybe_recompile pc=0x000002670f5f1bf4 method=com.google.common.collect.ImmutableSet.copyOf(Ljava/util/Collection;)Lcom/google/common/collect/ImmutableSet; @ 47 c2
Event: 228.943 Thread 0x000002671a09b000 Uncommon trap: reason=bimorphic_or_optimized_type_check action=maybe_recompile pc=0x000002670f2544fc method=java.util.AbstractCollection.addAll(Ljava/util/Collection;)Z @ 29 c2

Classes redefined (0 events):
No events

Internal exceptions (10 events):
Event: 221.067 Thread 0x000002671ddb8800 Exception <a 'sun/nio/fs/WindowsException'{0x0000000087dcb460}> (0x0000000087dcb460) thrown at [./open/src/hotspot/share/prims/jni.cpp, line 611]
Event: 221.088 Thread 0x000002671ddb8800 Exception <a 'sun/nio/fs/WindowsException'{0x0000000087df1ec0}> (0x0000000087df1ec0) thrown at [./open/src/hotspot/share/prims/jni.cpp, line 611]
Event: 221.088 Thread 0x000002671ddb8800 Exception <a 'sun/nio/fs/WindowsException'{0x0000000087df22b0}> (0x0000000087df22b0) thrown at [./open/src/hotspot/share/prims/jni.cpp, line 611]
Event: 221.265 Thread 0x000002671ddb8800 Exception <a 'sun/nio/fs/WindowsException'{0x0000000087a7a728}> (0x0000000087a7a728) thrown at [./open/src/hotspot/share/prims/jni.cpp, line 611]
Event: 225.050 Thread 0x000002671ddb8800 Exception <a 'java/lang/NoSuchMethodError'{0x000000008b0a1da0}: static Lorg/gradle/plugin/devel/PluginDeclaration;.<clinit>()V> (0x000000008b0a1da0) thrown at [./open/src/hotspot/share/prims/jni.cpp, line 1366]
Event: 228.188 Thread 0x000002671bfb3800 Exception <a 'sun/nio/fs/WindowsException'{0x000000008a9747a0}> (0x000000008a9747a0) thrown at [./open/src/hotspot/share/prims/jni.cpp, line 611]
Event: 228.576 Thread 0x000002671bfb3800 Exception <a 'sun/nio/fs/WindowsException'{0x000000008a2226f8}> (0x000000008a2226f8) thrown at [./open/src/hotspot/share/prims/jni.cpp, line 611]
Event: 228.578 Thread 0x000002671bfb3800 Exception <a 'sun/nio/fs/WindowsException'{0x000000008a222948}> (0x000000008a222948) thrown at [./open/src/hotspot/share/prims/jni.cpp, line 611]
Event: 228.932 Thread 0x000002671a09b000 Exception <a 'java/lang/ClassNotFoundException'{0x0000000089e07c50}: build_yqfvkci1hdxo0ssj0ifnl6k6BeanInfo> (0x0000000089e07c50) thrown at [./open/src/hotspot/share/classfile/systemDictionary.cpp, line 226]
Event: 228.933 Thread 0x000002671a09b000 Exception <a 'java/lang/ClassNotFoundException'{0x0000000089e130d8}: build_yqfvkci1hdxo0ssj0ifnl6k6Customizer> (0x0000000089e130d8) thrown at [./open/src/hotspot/share/classfile/systemDictionary.cpp, line 226]

Events (10 events):
Event: 228.947 loading class org/gradle/api/internal/project/BuildOperationCrossProjectConfigurator$CrossConfigureProjectBuildOperation done
Event: 228.950 loading class groovy/runtime/metaclass/build_yqfvkci1hdxo0ssj0ifnl6k6$_run_closure1$_closure2MetaClass
Event: 228.950 loading class groovy/runtime/metaclass/build_yqfvkci1hdxo0ssj0ifnl6k6$_run_closure1$_closure2MetaClass done
Event: 228.953 loading class groovy/runtime/metaclass/build_yqfvkci1hdxo0ssj0ifnl6k6$_run_closure1$_closure2$_closure3MetaClass
Event: 228.953 loading class groovy/runtime/metaclass/build_yqfvkci1hdxo0ssj0ifnl6k6$_run_closure1$_closure2$_closure3MetaClass done
Event: 228.954 loading class org/gradle/api/internal/artifacts/repositories/DefaultMavenArtifactRepository$DefaultDescriber
Event: 228.954 loading class org/gradle/api/internal/artifacts/repositories/DefaultMavenArtifactRepository$DefaultDescriber done
Event: 228.957 loading class groovy/runtime/metaclass/org/gradle/api/internal/artifacts/repositories/DefaultMavenArtifactRepository_DecoratedMetaClass
Event: 228.957 loading class groovy/runtime/metaclass/org/gradle/api/internal/artifacts/repositories/DefaultMavenArtifactRepository_DecoratedMetaClass done
Event: 228.963 Executing VM operation: G1CollectForAllocation


Dynamic libraries:
0x00007ff715f90000 - 0x00007ff715f9f000 	C:\Program Files\Java\jdk-11.0.16\bin\java.exe
0x00007ff83f9d0000 - 0x00007ff83fbc8000 	C:\Windows\SYSTEM32\ntdll.dll
0x00007ff83ed60000 - 0x00007ff83ee1d000 	C:\Windows\System32\KERNEL32.DLL
0x00007ff83d760000 - 0x00007ff83da2e000 	C:\Windows\System32\KERNELBASE.dll
0x00007ff83d1a0000 - 0x00007ff83d2a0000 	C:\Windows\System32\ucrtbase.dll
0x00007ff836ba0000 - 0x00007ff836bb5000 	C:\Program Files\Java\jdk-11.0.16\bin\VCRUNTIME140.dll
0x00007ff836bc0000 - 0x00007ff836bd8000 	C:\Program Files\Java\jdk-11.0.16\bin\jli.dll
0x00007ff83e1b0000 - 0x00007ff83e25e000 	C:\Windows\System32\ADVAPI32.dll
0x00007ff83e4d0000 - 0x00007ff83e56e000 	C:\Windows\System32\msvcrt.dll
0x00007ff83ef40000 - 0x00007ff83efdc000 	C:\Windows\System32\sechost.dll
0x00007ff83df30000 - 0x00007ff83e055000 	C:\Windows\System32\RPCRT4.dll
0x00007ff83dc00000 - 0x00007ff83dda0000 	C:\Windows\System32\USER32.dll
0x00007ff83d5d0000 - 0x00007ff83d5f2000 	C:\Windows\System32\win32u.dll
0x00007ff82f050000 - 0x00007ff82f2ea000 	C:\Windows\WinSxS\amd64_microsoft.windows.common-controls_6595b64144ccf1df_6.0.19041.1110_none_60b5254171f9507e\COMCTL32.dll
0x00007ff83eeb0000 - 0x00007ff83eeda000 	C:\Windows\System32\GDI32.dll
0x00007ff83d650000 - 0x00007ff83d75b000 	C:\Windows\System32\gdi32full.dll
0x00007ff83d530000 - 0x00007ff83d5cd000 	C:\Windows\System32\msvcp_win.dll
0x00007ff832140000 - 0x00007ff83214a000 	C:\Windows\SYSTEM32\VERSION.dll
0x00007ff83da30000 - 0x00007ff83da60000 	C:\Windows\System32\IMM32.DLL
0x00007ff820b50000 - 0x00007ff820beb000 	C:\Program Files\Java\jdk-11.0.16\bin\msvcp140.dll
0x00007fffefa40000 - 0x00007ffff0558000 	C:\Program Files\Java\jdk-11.0.16\bin\server\jvm.dll
0x00007ff83dbf0000 - 0x00007ff83dbf8000 	C:\Windows\System32\PSAPI.DLL
0x00007ff83b850000 - 0x00007ff83b859000 	C:\Windows\SYSTEM32\WSOCK32.dll
0x00007ff82d240000 - 0x00007ff82d267000 	C:\Windows\SYSTEM32\WINMM.dll
0x00007ff83e060000 - 0x00007ff83e0cb000 	C:\Windows\System32\WS2_32.dll
0x00007ff83b970000 - 0x00007ff83b982000 	C:\Windows\SYSTEM32\kernel.appcore.dll
0x00007ff838670000 - 0x00007ff838680000 	C:\Program Files\Java\jdk-11.0.16\bin\verify.dll
0x00007ff83aea0000 - 0x00007ff83b084000 	C:\Windows\SYSTEM32\DBGHELP.DLL
0x00007ff829080000 - 0x00007ff8290ac000 	C:\Windows\SYSTEM32\dbgcore.DLL
0x00007ff83d430000 - 0x00007ff83d4b2000 	C:\Windows\System32\bcryptPrimitives.dll
0x00007ff834ba0000 - 0x00007ff834bc8000 	C:\Program Files\Java\jdk-11.0.16\bin\java.dll
0x00007ff837b10000 - 0x00007ff837b1a000 	C:\Program Files\Java\jdk-11.0.16\bin\jimage.dll
0x00007ff834b80000 - 0x00007ff834b96000 	C:\Program Files\Java\jdk-11.0.16\bin\zip.dll
0x00007ff83f050000 - 0x00007ff83f793000 	C:\Windows\System32\SHELL32.dll
0x00007ff83b0b0000 - 0x00007ff83b845000 	C:\Windows\SYSTEM32\windows.storage.dll
0x00007ff83e570000 - 0x00007ff83e8c4000 	C:\Windows\System32\combase.dll
0x00007ff83ca80000 - 0x00007ff83cab0000 	C:\Windows\SYSTEM32\Wldp.dll
0x00007ff83de80000 - 0x00007ff83df2d000 	C:\Windows\System32\SHCORE.dll
0x00007ff83eee0000 - 0x00007ff83ef35000 	C:\Windows\System32\shlwapi.dll
0x00007ff83d030000 - 0x00007ff83d04f000 	C:\Windows\SYSTEM32\profapi.dll
0x00007ff834aa0000 - 0x00007ff834ab9000 	C:\Program Files\Java\jdk-11.0.16\bin\net.dll
0x00007ff82f620000 - 0x00007ff82f72a000 	C:\Windows\SYSTEM32\WINHTTP.dll
0x00007ff83c7e0000 - 0x00007ff83c84a000 	C:\Windows\system32\mswsock.dll
0x00007ff834910000 - 0x00007ff834922000 	C:\Program Files\Java\jdk-11.0.16\bin\nio.dll
0x00007ff833a70000 - 0x00007ff833a97000 	C:\Users\hp\.gradle\native\e1d6ef7f7dcc3fd88c89a11ec53ec762bb8ba0a96d01ffa2cd45eb1d1d8dd5c5\windows-amd64\native-platform.dll
0x00007ff803170000 - 0x00007ff8032b4000 	C:\Users\hp\.gradle\native\5664cfc778a61ccfe75a443a1ab52a65af34e5dc3c78e0209fed803814484fcb\windows-amd64\native-platform-file-events.dll
0x00007ff835600000 - 0x00007ff835609000 	C:\Program Files\Java\jdk-11.0.16\bin\management.dll
0x00007ff835580000 - 0x00007ff83558b000 	C:\Program Files\Java\jdk-11.0.16\bin\management_ext.dll
0x00007ff83c9d0000 - 0x00007ff83c9e8000 	C:\Windows\SYSTEM32\CRYPTSP.dll
0x00007ff83c160000 - 0x00007ff83c194000 	C:\Windows\system32\rsaenh.dll
0x00007ff83d400000 - 0x00007ff83d427000 	C:\Windows\System32\bcrypt.dll
0x00007ff83cff0000 - 0x00007ff83d01e000 	C:\Windows\SYSTEM32\USERENV.dll
0x00007ff83c9f0000 - 0x00007ff83c9fc000 	C:\Windows\SYSTEM32\CRYPTBASE.dll
0x00007ff83c4d0000 - 0x00007ff83c50b000 	C:\Windows\SYSTEM32\IPHLPAPI.DLL
0x00007ff83efe0000 - 0x00007ff83efe8000 	C:\Windows\System32\NSI.dll
0x00007ff835810000 - 0x00007ff835827000 	C:\Windows\SYSTEM32\dhcpcsvc6.DLL
0x00007ff8357f0000 - 0x00007ff83580d000 	C:\Windows\SYSTEM32\dhcpcsvc.DLL
0x00007ff83c510000 - 0x00007ff83c5da000 	C:\Windows\SYSTEM32\DNSAPI.dll
0x00007ff8348f0000 - 0x00007ff83490e000 	C:\Users\hp\AppData\Local\Temp\native-platform2032062138252845978dir\native-platform.dll
0x00007ff834c30000 - 0x00007ff834c37000 	C:\Program Files\Java\jdk-11.0.16\bin\rmi.dll

dbghelp: loaded successfully - version: 4.0.5 - missing functions: none
symbol engine: initialized successfully - sym options: 0x614 - pdb path: .;C:\Program Files\Java\jdk-11.0.16\bin;C:\Windows\SYSTEM32;C:\Windows\WinSxS\amd64_microsoft.windows.common-controls_6595b64144ccf1df_6.0.19041.1110_none_60b5254171f9507e;C:\Program Files\Java\jdk-11.0.16\bin\server;C:\Users\hp\.gradle\native\e1d6ef7f7dcc3fd88c89a11ec53ec762bb8ba0a96d01ffa2cd45eb1d1d8dd5c5\windows-amd64;C:\Users\hp\.gradle\native\5664cfc778a61ccfe75a443a1ab52a65af34e5dc3c78e0209fed803814484fcb\windows-amd64;C:\Users\hp\AppData\Local\Temp\native-platform2032062138252845978dir

VM Arguments:
jvm_args: -XX:MaxMetaspaceSize=512m --add-opens=java.base/java.util=ALL-UNNAMED --add-opens=java.base/java.lang=ALL-UNNAMED --add-opens=java.base/java.lang.invoke=ALL-UNNAMED --add-opens=java.base/java.util=ALL-UNNAMED --add-opens=java.prefs/java.util.prefs=ALL-UNNAMED --add-opens=java.prefs/java.util.prefs=ALL-UNNAMED --add-opens=java.base/java.nio.charset=ALL-UNNAMED --add-opens=java.base/java.net=ALL-UNNAMED --add-opens=java.base/java.util.concurrent.atomic=ALL-UNNAMED -Xmx2048m -Dfile.encoding=windows-1252 -Duser.country=IN -Duser.language=en -Duser.variant 
java_command: org.gradle.launcher.daemon.bootstrap.GradleDaemon 7.3.3
java_class_path (initial): C:\Users\hp\.gradle\wrapper\dists\gradle-7.3.3-all\4295vidhdd9hd3gbjyw1xqxpo\gradle-7.3.3\lib\gradle-launcher-7.3.3.jar
Launcher Type: SUN_STANDARD

[Global flags]
     intx CICompilerCount                          = 3                                         {product} {ergonomic}
   size_t CompressedClassSpaceSize                 = 528482304                                 {product} {ergonomic}
     uint ConcGCThreads                            = 1                                         {product} {ergonomic}
     uint G1ConcRefinementThreads                  = 4                                         {product} {ergonomic}
   size_t G1HeapRegionSize                         = 1048576                                   {product} {ergonomic}
    uintx GCDrainStackTargetSize                   = 64                                        {product} {ergonomic}
   size_t InitialHeapSize                          = 134217728                                 {product} {ergonomic}
   size_t MarkStackSize                            = 4194304                                   {product} {ergonomic}
   size_t MaxHeapSize                              = 2147483648                                {product} {command line}
   size_t MaxMetaspaceSize                         = 536870912                                 {product} {command line}
   size_t MaxNewSize                               = 1287651328                                {product} {ergonomic}
   size_t MinHeapDeltaBytes                        = 1048576                                   {product} {ergonomic}
    uintx NonNMethodCodeHeapSize                   = 5830732                                {pd product} {ergonomic}
    uintx NonProfiledCodeHeapSize                  = 122913754                              {pd product} {ergonomic}
    uintx ProfiledCodeHeapSize                     = 122913754                              {pd product} {ergonomic}
    uintx ReservedCodeCacheSize                    = 251658240                              {pd product} {ergonomic}
     bool SegmentedCodeCache                       = true                                      {product} {ergonomic}
     bool UseCompressedClassPointers               = true                                 {lp64_product} {ergonomic}
     bool UseCompressedOops                        = true                                 {lp64_product} {ergonomic}
     bool UseG1GC                                  = true                                      {product} {ergonomic}
     bool UseLargePagesIndividualAllocation        = false                                  {pd product} {ergonomic}

Logging:
Log output configuration:
 #0: stdout all=warning uptime,level,tags
 #1: stderr all=off uptime,level,tags

Environment Variables:
JAVA_HOME=C:\Program Files\Java\jdk-11.0.16
CLASSPATH=D:\kegalklcok\KegelKlockApp\android\\gradle\wrapper\gradle-wrapper.jar
PATH=D:\kegalklcok\KegelKlockApp\android\node_modules\.bin;D:\kegalklcok\KegelKlockApp\node_modules\.bin;D:\kegalklcok\node_modules\.bin;D:\node_modules\.bin;C:\Program Files\nodejs;D:\kegalklcok\KegelKlockApp\node_modules\.bin;D:\kegalklcok\node_modules\.bin;D:\node_modules\.bin;C:\Users\hp\AppData\Roaming\npm\node_modules\npm\node_modules\@npmcli\run-script\lib\node-gyp-bin;C:\Program Files\Common Files\Oracle\Java\javapath;C:\Program Files (x86)\Common Files\Oracle\Java\javapath;C:\Windows\system32;C:\Windows;C:\Windows\System32\Wbem;C:\Windows\System32\WindowsPowerShell\v1.0\;C:\Windows\System32\OpenSSH\;C:\ProgramData\chocolatey\bin;C:\Program Files\OpenJDK\openjdk-8u312-b07\bin;C:\Program Files\nodejs\;C:\Program Files\Git\cmd;C:\Users\hp\AppData\Local\Microsoft\WindowsApps;C:\Users\hp\AppData\Local\Programs\Microsoft VS Code\bin;C:\Users\hp\AppData\Roaming\npm;C:\Users\hp\AppData\Local\GitHubDesktop\bin;C:\Users\hp\AppData\Local\Android\Sdk\platform-tools;;D:\kegalklcok\KegelKlockApp\node_modules\.bin
USERNAME=hp
OS=Windows_NT
PROCESSOR_IDENTIFIER=Intel64 Family 6 Model 61 Stepping 4, GenuineIntel



---------------  S Y S T E M  ---------------

OS: Windows 10 , 64 bit Build 19041 (10.0.19041.1889)

CPU:total 4 (initial active 4) (2 cores per cpu, 2 threads per core) family 6 model 61 stepping 4 microcode 0x2d, cmov, cx8, fxsr, mmx, sse, sse2, sse3, ssse3, sse4.1, sse4.2, popcnt, avx, avx2, aes, clmul, erms, 3dnowpref, lzcnt, ht, tsc, tscinvbit, bmi1, bmi2, adx, fma

Memory: 4k page, system-wide physical 8107M (115M free)
TotalPageFile size 22338M (AvailPageFile size 197M)
current process WorkingSet (physical memory assigned to process): 334M, peak: 334M
current process commit charge ("private bytes"): 438M, peak: 660M

vm_info: Java HotSpot(TM) 64-Bit Server VM (11.0.16+11-LTS-199) for windows-amd64 JRE (11.0.16+11-LTS-199), built on Jun 28 2022 08:23:17 by "mach5one" with MS VC++ 15.9 (VS2017)

END.
